[0m12:21:09.278253 [debug] [MainThread]: Sending event: {'category': 'dbt', 'action': 'invocation', 'label': 'start', 'context': [<snowplow_tracker.self_describing_json.SelfDescribingJson object at 0x7fef83a61f00>, <snowplow_tracker.self_describing_json.SelfDescribingJson object at 0x7fef831aa2f0>, <snowplow_tracker.self_describing_json.SelfDescribingJson object at 0x7fef83049420>]}


============================== 12:21:09.280250 | 91afd032-00e4-4653-9141-8844c88d50a3 ==============================
[0m12:21:09.280250 [info ] [MainThread]: Running with dbt=1.6.3
[0m12:21:09.280829 [debug] [MainThread]: running dbt with arguments {'printer_width': '80', 'indirect_selection': 'eager', 'log_cache_events': 'False', 'write_json': 'True', 'partial_parse': 'True', 'cache_selected_only': 'False', 'warn_error': 'None', 'version_check': 'True', 'fail_fast': 'False', 'log_path': 'logs', 'debug': 'False', 'profiles_dir': '/home/linhares/.dbt', 'use_colors': 'True', 'use_experimental_parser': 'False', 'no_print': 'None', 'quiet': 'False', 'log_format': 'default', 'static_parser': 'True', 'introspect': 'True', 'invocation_command': 'dbt debug', 'target_path': 'None', 'warn_error_options': 'WarnErrorOptions(include=[], exclude=[])', 'send_anonymous_usage_stats': 'True'}
[0m12:21:09.281285 [info ] [MainThread]: dbt version: 1.6.3
[0m12:21:09.281678 [info ] [MainThread]: python version: 3.10.12
[0m12:21:09.282114 [info ] [MainThread]: python path: /home/linhares/projetos/dbt_venv/bin/python3
[0m12:21:09.282557 [info ] [MainThread]: os info: Linux-6.2.0-34-generic-x86_64-with-glibc2.35
[0m12:21:09.283091 [info ] [MainThread]: Using profiles dir at /home/linhares/.dbt
[0m12:21:09.283510 [info ] [MainThread]: Using profiles.yml file at /home/linhares/.dbt/profiles.yml
[0m12:21:09.283930 [info ] [MainThread]: Using dbt_project.yml file at /home/linhares/projetos/dbt_Student_Performance_Dataset/dbt_project.yml
[0m12:21:09.284417 [info ] [MainThread]: Configuration:
[0m12:21:09.284847 [info ] [MainThread]:   profiles.yml file [[31mERROR not found[0m]
[0m12:21:09.285171 [info ] [MainThread]:   dbt_project.yml file [[31mERROR not found[0m]
[0m12:21:09.285715 [info ] [MainThread]: Required dependencies:
[0m12:21:09.286251 [debug] [MainThread]: Executing "git --help"
[0m12:21:09.287827 [debug] [MainThread]: STDOUT: "b"usage: git [--version] [--help] [-C <path>] [-c <name>=<value>]\n           [--exec-path[=<path>]] [--html-path] [--man-path] [--info-path]\n           [-p | --paginate | -P | --no-pager] [--no-replace-objects] [--bare]\n           [--git-dir=<path>] [--work-tree=<path>] [--namespace=<name>]\n           [--super-prefix=<path>] [--config-env=<name>=<envvar>]\n           <command> [<args>]\n\nThese are common Git commands used in various situations:\n\nstart a working area (see also: git help tutorial)\n   clone     Clone a repository into a new directory\n   init      Create an empty Git repository or reinitialize an existing one\n\nwork on the current change (see also: git help everyday)\n   add       Add file contents to the index\n   mv        Move or rename a file, a directory, or a symlink\n   restore   Restore working tree files\n   rm        Remove files from the working tree and from the index\n\nexamine the history and state (see also: git help revisions)\n   bisect    Use binary search to find the commit that introduced a bug\n   diff      Show changes between commits, commit and working tree, etc\n   grep      Print lines matching a pattern\n   log       Show commit logs\n   show      Show various types of objects\n   status    Show the working tree status\n\ngrow, mark and tweak your common history\n   branch    List, create, or delete branches\n   commit    Record changes to the repository\n   merge     Join two or more development histories together\n   rebase    Reapply commits on top of another base tip\n   reset     Reset current HEAD to the specified state\n   switch    Switch branches\n   tag       Create, list, delete or verify a tag object signed with GPG\n\ncollaborate (see also: git help workflows)\n   fetch     Download objects and refs from another repository\n   pull      Fetch from and integrate with another repository or a local branch\n   push      Update remote refs along with associated objects\n\n'git help -a' and 'git help -g' list available subcommands and some\nconcept guides. See 'git help <command>' or 'git help <concept>'\nto read about a specific subcommand or concept.\nSee 'git help git' for an overview of the system.\n""
[0m12:21:09.288353 [debug] [MainThread]: STDERR: "b''"
[0m12:21:09.288700 [info ] [MainThread]:  - git [[32mOK found[0m]

[0m12:21:09.289163 [info ] [MainThread]: Connection test skipped since no profile was found
[0m12:21:09.289749 [info ] [MainThread]: [31m2 checks failed:[0m
[0m12:21:09.290311 [info ] [MainThread]: dbt looked for a profiles.yml file in /home/linhares/.dbt/profiles.yml, but did
not find one. For more information on configuring your profile, consult the
documentation:

https://docs.getdbt.com/docs/configure-your-profile


[0m12:21:09.290787 [info ] [MainThread]: Project loading failed for the following reason:
 project path </home/linhares/projetos/dbt_Student_Performance_Dataset/dbt_project.yml> not found

[0m12:21:09.291576 [debug] [MainThread]: Command `dbt debug` failed at 12:21:09.291459 after 0.04 seconds
[0m12:21:09.291976 [debug] [MainThread]: Sending event: {'category': 'dbt', 'action': 'invocation', 'label': 'end', 'context': [<snowplow_tracker.self_describing_json.SelfDescribingJson object at 0x7fef83a61f00>, <snowplow_tracker.self_describing_json.SelfDescribingJson object at 0x7fef83049420>, <snowplow_tracker.self_describing_json.SelfDescribingJson object at 0x7fef82b80280>]}
[0m12:21:09.292376 [debug] [MainThread]: Flushing usage events
[0m12:21:19.843251 [debug] [MainThread]: Sending event: {'category': 'dbt', 'action': 'invocation', 'label': 'start', 'context': [<snowplow_tracker.self_describing_json.SelfDescribingJson object at 0x7f0400865ed0>, <snowplow_tracker.self_describing_json.SelfDescribingJson object at 0x7f03ffe729b0>, <snowplow_tracker.self_describing_json.SelfDescribingJson object at 0x7f03ff9bcf70>]}


============================== 12:21:19.845268 | abc85e6e-587c-4282-8dbe-b375a2f4455d ==============================
[0m12:21:19.845268 [info ] [MainThread]: Running with dbt=1.6.3
[0m12:21:19.845822 [debug] [MainThread]: running dbt with arguments {'printer_width': '80', 'indirect_selection': 'eager', 'write_json': 'True', 'log_cache_events': 'False', 'partial_parse': 'True', 'cache_selected_only': 'False', 'profiles_dir': '/home/linhares/.dbt', 'version_check': 'True', 'debug': 'False', 'log_path': 'logs', 'fail_fast': 'False', 'warn_error': 'None', 'use_colors': 'True', 'use_experimental_parser': 'False', 'no_print': 'None', 'quiet': 'False', 'warn_error_options': 'WarnErrorOptions(include=[], exclude=[])', 'static_parser': 'True', 'introspect': 'True', 'invocation_command': 'dbt init', 'target_path': 'None', 'log_format': 'default', 'send_anonymous_usage_stats': 'True'}
[0m12:21:19.846257 [warn ] [MainThread]: [ConfigFolderDirectory]: Unable to parse dict {'dir': PosixPath('/home/linhares/.dbt')}
[0m12:21:19.846596 [info ] [MainThread]: Creating dbt configuration folder at 
[0m12:21:34.990357 [debug] [MainThread]: Starter project path: /home/linhares/projetos/dbt_venv/lib/python3.10/site-packages/dbt/include/starter_project
[0m12:21:35.006676 [info ] [MainThread]: 
Your new dbt project "student_perform" was created!

For more information on how to configure the profiles.yml file,
please consult the dbt documentation here:

  https://docs.getdbt.com/docs/configure-your-profile

One more thing:

Need help? Don't hesitate to reach out to us via GitHub issues or on Slack:

  https://community.getdbt.com/

Happy modeling!

[0m12:21:35.007241 [info ] [MainThread]: Setting up your profile.
[0m12:21:43.657170 [info ] [MainThread]: Profile student_perform written to /home/linhares/.dbt/profiles.yml using target's profile_template.yml and your supplied values. Run 'dbt debug' to validate the connection.
[0m12:21:43.657882 [debug] [MainThread]: Command `dbt init` succeeded at 12:21:43.657780 after 23.84 seconds
[0m12:21:43.658253 [debug] [MainThread]: Sending event: {'category': 'dbt', 'action': 'invocation', 'label': 'end', 'context': [<snowplow_tracker.self_describing_json.SelfDescribingJson object at 0x7f0400865ed0>, <snowplow_tracker.self_describing_json.SelfDescribingJson object at 0x7f03fd34b640>, <snowplow_tracker.self_describing_json.SelfDescribingJson object at 0x7f03fd349360>]}
[0m12:21:43.658635 [debug] [MainThread]: Flushing usage events
[0m12:32:49.078275 [debug] [MainThread]: Sending event: {'category': 'dbt', 'action': 'invocation', 'label': 'start', 'context': [<snowplow_tracker.self_describing_json.SelfDescribingJson object at 0x7f3392e45f00>, <snowplow_tracker.self_describing_json.SelfDescribingJson object at 0x7f3391f351b0>, <snowplow_tracker.self_describing_json.SelfDescribingJson object at 0x7f3391f35150>]}


============================== 12:32:49.081151 | 34af4940-4bd8-4f7d-a50a-bc6271d9b65d ==============================
[0m12:32:49.081151 [info ] [MainThread]: Running with dbt=1.6.3
[0m12:32:49.081759 [debug] [MainThread]: running dbt with arguments {'printer_width': '80', 'indirect_selection': 'eager', 'log_cache_events': 'False', 'write_json': 'True', 'partial_parse': 'True', 'cache_selected_only': 'False', 'warn_error': 'None', 'version_check': 'True', 'debug': 'False', 'log_path': 'logs', 'fail_fast': 'False', 'profiles_dir': '/home/linhares/.dbt', 'use_colors': 'True', 'use_experimental_parser': 'False', 'no_print': 'None', 'quiet': 'False', 'warn_error_options': 'WarnErrorOptions(include=[], exclude=[])', 'invocation_command': 'dbt run', 'log_format': 'default', 'static_parser': 'True', 'target_path': 'None', 'introspect': 'True', 'send_anonymous_usage_stats': 'True'}
[0m12:32:49.082209 [error] [MainThread]: Encountered an error:
Runtime Error
  No dbt_project.yml found at expected path /home/linhares/projetos/dbt_Student_Performance_Dataset/dbt_project.yml
  Verify that each entry within packages.yml (and their transitive dependencies) contains a file named dbt_project.yml
  
[0m12:32:49.082867 [debug] [MainThread]: Command `dbt run` failed at 12:32:49.082785 after 0.03 seconds
[0m12:32:49.083272 [debug] [MainThread]: Sending event: {'category': 'dbt', 'action': 'invocation', 'label': 'end', 'context': [<snowplow_tracker.self_describing_json.SelfDescribingJson object at 0x7f3392e45f00>, <snowplow_tracker.self_describing_json.SelfDescribingJson object at 0x7f3391f20100>, <snowplow_tracker.self_describing_json.SelfDescribingJson object at 0x7f3391f20520>]}
[0m12:32:49.083615 [debug] [MainThread]: Flushing usage events
